\BOOKMARK [-1][-]{part.1}{Nur Der Anfang}{}
\BOOKMARK [0][-]{chapter.1}{Nur der Anfang}{part.1}
\BOOKMARK [1][-]{section.1.1}{Was ist dieses \214einBlatt\215?}{chapter.1}
\BOOKMARK [1][-]{section.1.2}{Ist einBlatt also ein \(besonders schlecht sortiertes\) Rollenspiel?}{chapter.1}
\BOOKMARK [1][-]{section.1.3}{Also ist einBlatt ein generisches Rollenspiel?}{chapter.1}
\BOOKMARK [1][-]{section.1.4}{Warum setzt einBlatt auf Karten statt auf W\374rfel?}{chapter.1}
\BOOKMARK [1][-]{section.1.5}{Mit diesem halben Dutzend Regelmodulen kommt man aber nicht weit!}{chapter.1}
\BOOKMARK [1][-]{section.1.6}{Und was ist dann dieses Heftchen?}{chapter.1}
\BOOKMARK [1][-]{section.1.7}{Und jetzt?}{chapter.1}
\BOOKMARK [-1][-]{part.2}{einRegelblatt}{}
\BOOKMARK [0][-]{chapter.2}{einRegelblatt}{part.2}
\BOOKMARK [1][-]{section.2.1}{Charaktererschaffung}{chapter.2}
\BOOKMARK [1][-]{section.2.2}{Zufall}{chapter.2}
\BOOKMARK [1][-]{section.2.3}{Proben}{chapter.2}
\BOOKMARK [2][-]{subsection.2.3.1}{Allgemeiner Ablauf}{section.2.3}
\BOOKMARK [2][-]{subsection.2.3.2}{Konfliktvorbereitung: Handkarten ziehen}{section.2.3}
\BOOKMARK [2][-]{subsection.2.3.3}{Konfliktabwicklung}{section.2.3}
\BOOKMARK [2][-]{subsection.2.3.4}{Konfliktende}{section.2.3}
\BOOKMARK [2][-]{subsection.2.3.5}{Passen}{section.2.3}
\BOOKMARK [2][-]{subsection.2.3.6}{einSchr\344nkungen}{section.2.3}
\BOOKMARK [1][-]{section.2.4}{Erl\344uterungen und Beispiele zu einRegelBlatt}{chapter.2}
\BOOKMARK [2][-]{subsection.2.4.1}{Charaktererschaffung}{section.2.4}
\BOOKMARK [2][-]{subsection.2.4.2}{Zufall}{section.2.4}
\BOOKMARK [2][-]{subsection.2.4.3}{Proben}{section.2.4}
\BOOKMARK [-1][-]{part.3}{einBildungen}{}
\BOOKMARK [0][-]{chapter.3}{einBildungen}{part.3}
\BOOKMARK [1][-]{section.3.1}{einVerlies - Im Dungeon gibt es keine Manik\374re}{chapter.3}
\BOOKMARK [2][-]{subsection.3.1.1}{Regeln}{section.3.1}
\BOOKMARK [1][-]{section.3.2}{Hallo Welt! \(in Entwicklung\)}{chapter.3}
\BOOKMARK [1][-]{section.3.3}{Sorgenend \(in Entwicklung\)}{chapter.3}
\BOOKMARK [-1][-]{part.4}{einRichtungen}{}
\BOOKMARK [0][-]{chapter.4}{einRichtungen}{part.4}
\BOOKMARK [1][-]{section.4.1}{Standard Punkteverteilung f\374r Attribute}{chapter.4}
\BOOKMARK [1][-]{section.4.2}{Breite Fertigkeiten}{chapter.4}
\BOOKMARK [1][-]{section.4.3}{Erfahrungspunkte f\374r Powergamer}{chapter.4}
\BOOKMARK [1][-]{section.4.4}{Zus\344tzliche Eigenschaft: Selbstbewusstsein}{chapter.4}
\BOOKMARK [1][-]{section.4.5}{Anreizsystem \(Attribute\)}{chapter.4}
\BOOKMARK [1][-]{section.4.6}{Lehren ziehen}{chapter.4}
\BOOKMARK [1][-]{section.4.7}{Zauberw\366rter Magiesystem}{chapter.4}
\BOOKMARK [2][-]{subsection.4.7.1}{Funktionsweise der Magie}{section.4.7}
\BOOKMARK [2][-]{subsection.4.7.2}{Wirkung und Grenzen von Magie}{section.4.7}
\BOOKMARK [2][-]{subsection.4.7.3}{Die Gestaltung von Prozessen und Prinzipien}{section.4.7}
\BOOKMARK [2][-]{subsection.4.7.4}{Zauber wirken}{section.4.7}
\BOOKMARK [2][-]{subsection.4.7.5}{Beispiele}{section.4.7}
\BOOKMARK [1][-]{section.4.8}{einfache Fantasy-Attribute}{chapter.4}
\BOOKMARK [2][-]{subsection.4.8.1}{Attribut: St\344rke}{section.4.8}
\BOOKMARK [2][-]{subsection.4.8.2}{Attribut: Gewandtheit}{section.4.8}
\BOOKMARK [2][-]{subsection.4.8.3}{Attribut: Charisma}{section.4.8}
\BOOKMARK [2][-]{subsection.4.8.4}{Attribut: Weisheit}{section.4.8}
\BOOKMARK [-1][-]{part.5}{einGriffe}{}
\BOOKMARK [0][-]{chapter.5}{einGriffe}{part.5}
\BOOKMARK [1][-]{section.5.1}{Sich in die Karten schauen lassen}{chapter.5}
\BOOKMARK [1][-]{section.5.2}{Die Karten zinken}{chapter.5}
\BOOKMARK [1][-]{section.5.3}{Nachkarten}{chapter.5}
\BOOKMARK [1][-]{section.5.4}{Die Karten werden neu gemischt}{chapter.5}
\BOOKMARK [1][-]{section.5.5}{Die Karten auf den Tisch legen}{chapter.5}
\BOOKMARK [1][-]{section.5.6}{Ein Ass im \304rmel haben}{chapter.5}
\BOOKMARK [1][-]{section.5.7}{Alle Karten in der Hand haben}{chapter.5}
\BOOKMARK [1][-]{section.5.8}{Alles auf eine Karte setzen}{chapter.5}
\BOOKMARK [1][-]{section.5.9}{Mit offenen Karten spielen}{chapter.5}
\BOOKMARK [1][-]{section.5.10}{Gnade der G\366tter / Zorn der G\366tter \(H\326L\)}{chapter.5}
\BOOKMARK [-1][-]{part.6}{Zum Schluss}{}
\BOOKMARK [0][-]{chapter.6}{Zum Schluss}{part.6}
\BOOKMARK [1][-]{section.6.1}{Danksagungen}{chapter.6}
\BOOKMARK [-1][-]{part.7}{Lizenzinformation}{}
\BOOKMARK [0][-]{chapter.7}{Lizenzinformation}{part.7}
